{"level":"info","message":"Server running on port 3000","service":"obs-lab","timestamp":"2025-11-27T05:49:50.648Z"}
{"correlationId":"N/A","durationMs":"2.593","level":"info","message":"HTTP Request","method":"GET","service":"obs-lab","status":"200","timestamp":"2025-11-27T06:01:43.339Z","url":"/healthz"}
{"correlationId":"N/A","durationMs":"0.588","level":"info","message":"HTTP Request","method":"GET","service":"obs-lab","status":"200","timestamp":"2025-11-27T06:02:03.275Z","url":"/readyz"}
{"correlationId":"946e79eb-19fb-436d-80b8-3c994c9cf322","level":"info","message":"Readiness toggled to: false","service":"obs-lab","timestamp":"2025-11-27T06:02:14.399Z"}
{"correlationId":"N/A","durationMs":"1.192","level":"info","message":"HTTP Request","method":"POST","service":"obs-lab","status":"200","timestamp":"2025-11-27T06:02:14.401Z","url":"/toggle-ready"}
{"correlationId":"f079dd68-5e15-4924-9624-9d2f8a99221a","level":"info","message":"Readiness toggled to: true","service":"obs-lab","timestamp":"2025-11-27T06:02:20.098Z"}
{"correlationId":"N/A","durationMs":"1.167","level":"info","message":"HTTP Request","method":"POST","service":"obs-lab","status":"200","timestamp":"2025-11-27T06:02:20.099Z","url":"/toggle-ready"}
{"correlationId":"cff4070c-c0cf-4453-b56e-cdd9cd82d9ba","level":"info","message":"Readiness toggled to: false","service":"obs-lab","timestamp":"2025-11-27T06:02:22.236Z"}
{"correlationId":"N/A","durationMs":"1.023","level":"info","message":"HTTP Request","method":"POST","service":"obs-lab","status":"200","timestamp":"2025-11-27T06:02:22.238Z","url":"/toggle-ready"}
{"correlationId":"N/A","durationMs":"5.778","level":"info","message":"HTTP Request","method":"GET","service":"obs-lab","status":"200","timestamp":"2025-11-27T06:08:32.506Z","url":"/metrics"}
{"correlationId":"bf07ffff-845b-4a01-997d-f44187af63e6","level":"info","message":"Hello endpoint called","service":"obs-lab","timestamp":"2025-11-27T06:09:14.691Z"}
{"correlationId":"N/A","durationMs":"1.091","level":"info","message":"HTTP Request","method":"GET","service":"obs-lab","status":"200","timestamp":"2025-11-27T06:09:14.693Z","url":"/api/hello"}
{"correlationId":"525042f5-5908-4147-a99f-f41e74c8c058","duration":700,"level":"warn","message":"Slow endpoint called","service":"obs-lab","timestamp":"2025-11-27T06:09:33.502Z"}
{"correlationId":"N/A","durationMs":"702.735","level":"info","message":"HTTP Request","method":"GET","service":"obs-lab","status":"200","timestamp":"2025-11-27T06:09:33.504Z","url":"/api/slow"}
{"correlationId":"bd83d0fc-d9c4-446a-a831-a94a850e3622","level":"error","message":"Simulated Backend Failure","service":"obs-lab","stack":"Error: Simulated Backend Failure\n    at C:\\Users\\USUARIO\\Desktop\\obs-lab\\server.js:110:11\n    at Layer.handleRequest (C:\\Users\\USUARIO\\Desktop\\obs-lab\\node_modules\\router\\lib\\layer.js:152:17)\n    at next (C:\\Users\\USUARIO\\Desktop\\obs-lab\\node_modules\\router\\lib\\route.js:157:13)\n    at Route.dispatch (C:\\Users\\USUARIO\\Desktop\\obs-lab\\node_modules\\router\\lib\\route.js:117:3)\n    at handle (C:\\Users\\USUARIO\\Desktop\\obs-lab\\node_modules\\router\\index.js:435:11)\n    at Layer.handleRequest (C:\\Users\\USUARIO\\Desktop\\obs-lab\\node_modules\\router\\lib\\layer.js:152:17)\n    at C:\\Users\\USUARIO\\Desktop\\obs-lab\\node_modules\\router\\index.js:295:15\n    at processParams (C:\\Users\\USUARIO\\Desktop\\obs-lab\\node_modules\\router\\index.js:582:12)\n    at next (C:\\Users\\USUARIO\\Desktop\\obs-lab\\node_modules\\router\\index.js:291:5)\n    at C:\\Users\\USUARIO\\Desktop\\obs-lab\\server.js:58:5","timestamp":"2025-11-27T06:09:42.212Z"}
{"correlationId":"N/A","durationMs":"3.799","level":"info","message":"HTTP Request","method":"GET","service":"obs-lab","status":"500","timestamp":"2025-11-27T06:09:42.216Z","url":"/api/error"}
{"correlationId":"ddc6d06c-9d25-4e8e-9daa-d33d966f1c83","level":"error","message":"Cannot destructure property 'level' of 'req.body' as it is undefined.","service":"obs-lab","stack":"TypeError: Cannot destructure property 'level' of 'req.body' as it is undefined.\n    at C:\\Users\\USUARIO\\Desktop\\obs-lab\\server.js:114:13\n    at Layer.handleRequest (C:\\Users\\USUARIO\\Desktop\\obs-lab\\node_modules\\router\\lib\\layer.js:152:17)\n    at next (C:\\Users\\USUARIO\\Desktop\\obs-lab\\node_modules\\router\\lib\\route.js:157:13)\n    at Route.dispatch (C:\\Users\\USUARIO\\Desktop\\obs-lab\\node_modules\\router\\lib\\route.js:117:3)\n    at handle (C:\\Users\\USUARIO\\Desktop\\obs-lab\\node_modules\\router\\index.js:435:11)\n    at Layer.handleRequest (C:\\Users\\USUARIO\\Desktop\\obs-lab\\node_modules\\router\\lib\\layer.js:152:17)\n    at C:\\Users\\USUARIO\\Desktop\\obs-lab\\node_modules\\router\\index.js:295:15\n    at processParams (C:\\Users\\USUARIO\\Desktop\\obs-lab\\node_modules\\router\\index.js:582:12)\n    at next (C:\\Users\\USUARIO\\Desktop\\obs-lab\\node_modules\\router\\index.js:291:5)\n    at C:\\Users\\USUARIO\\Desktop\\obs-lab\\server.js:58:5","timestamp":"2025-11-27T06:10:00.995Z"}
{"correlationId":"N/A","durationMs":"1.566","level":"info","message":"HTTP Request","method":"POST","service":"obs-lab","status":"500","timestamp":"2025-11-27T06:10:00.997Z","url":"/client-logs"}
{"correlationId":"3ab24e84-358d-4c90-bfa1-2872c864374a","level":"error","message":"Error de prueba desde Postman","meta":{"browser":"PostmanRuntime"},"service":"obs-lab","source":"frontend","stack":"Error at component X...","timestamp":"2025-11-27T06:10:24.026Z"}
{"correlationId":"N/A","durationMs":"1.272","level":"info","message":"HTTP Request","method":"POST","service":"obs-lab","status":"200","timestamp":"2025-11-27T06:10:24.028Z","url":"/client-logs"}
{"correlationId":"144c20b6-b127-46a3-96aa-a88f97f0c113","level":"info","message":"Calculation requested","params":{"a":"10","b":"5","op":"sum"},"service":"obs-lab","timestamp":"2025-11-27T06:15:46.136Z"}
{"correlationId":"N/A","durationMs":"1.039","level":"info","message":"HTTP Request","method":"GET","service":"obs-lab","status":"200","timestamp":"2025-11-27T06:15:46.137Z","url":"/api/calc?a=10&b=5&op=sum"}
{"correlationId":"42d0267a-28e3-4c34-8c88-8a0f275e8197","level":"warn","message":"Login failed","service":"obs-lab","timestamp":"2025-11-27T06:16:06.404Z","user":"baduser"}
{"correlationId":"N/A","durationMs":"0.771","level":"info","message":"HTTP Request","method":"POST","service":"obs-lab","status":"401","timestamp":"2025-11-27T06:16:06.405Z","url":"/api/login"}
{"correlationId":"N/A","durationMs":"2.617","level":"info","message":"HTTP Request","method":"GET","service":"obs-lab","status":"200","timestamp":"2025-11-27T06:16:14.059Z","url":"/metrics"}
